<?xml version="1.0" encoding="utf-8"?>
<testsuite package="org.spotbugs" time="0" tests="21" errors="1" name="findbugs">
<testcase time="0" name="model/Contract.java" classname="FindBugs Issues">
</testcase><testcase time="0" name="model/DataHandler.java" classname="FindBugs Issues">
</testcase><testcase time="0" name="view/ViewMenu.java" classname="FindBugs Issues">
</testcase><testcase time="0" name="model/ItemRegistration.java" classname="FindBugs Issues">
</testcase><testcase time="0" name="view/ViewItem.java" classname="FindBugs Issues">
</testcase><testcase time="0" name="model/ItemCategories.java" classname="FindBugs Issues">
</testcase><testcase time="0" name="view/ViewMember.java" classname="FindBugs Issues">
</testcase><testcase time="0" name="view/ViewContract.java" classname="FindBugs Issues">
</testcase><testcase time="0" name="controller/MemberController.java" classname="FindBugs Issues">
</testcase><testcase time="0" name="controller/UserInterface.java" classname="FindBugs Issues">
</testcase><testcase time="0" name="model/Member.java" classname="FindBugs Issues">
</testcase><testcase time="0" name="model/DayCounter.java" classname="FindBugs Issues">
</testcase><testcase time="0" name="model/MemberRegistration.java" classname="FindBugs Issues">
</testcase><testcase time="0" name="controller/App.java" classname="FindBugs Issues">
</testcase><testcase time="0" name="controller/ContractController.java" classname="FindBugs Issues">
<failure message="issues" ><![CDATA[lines: 29-106 
new controller.ContractController(ViewContract, UserInterface, DataHandler) 
  may expose internal representation by storing an externally mutable 
  object into ContractController.viewContract 
May expose internal representation by incorporating reference to mutable 
  object 
This code stores a reference to an externally mutable object into the 
  internal representation of the object. If instances are accessed by 
  untrusted code, and unchecked changes to the mutable object would 
  compromise security or other important properties, you will need to do 
  something different. Storing a copy of the object is better approach in 
  many situations.
----------------
]]></failure>
</testcase><testcase time="0" name="model/Simple.java" classname="FindBugs Issues">
</testcase><testcase time="0" name="view/Simple.java" classname="FindBugs Issues">
</testcase><testcase time="0" name="model/Item.java" classname="FindBugs Issues">
</testcase><testcase time="0" name="model/ContractRegistration.java" classname="FindBugs Issues">
</testcase><testcase time="0" name="controller/Simple.java" classname="FindBugs Issues">
</testcase><testcase time="0" name="controller/ItemController.java" classname="FindBugs Issues">
</testcase></testsuite>