<?xml version="1.0" encoding="UTF-8"?>
<testsuite name="model.SimpleTest" tests="1" skipped="0" failures="0" errors="0" timestamp="2024-11-19T19:25:36" hostname="Ooos-MacBook-Air.local" time="0.003">
  <properties/>
  <testcase name="testMessageLengthGreaterThanZero()" classname="model.SimpleTest" time="0.003"/>
  <system-out><![CDATA[]]></system-out>
  <system-err><![CDATA[]]></system-err>
</testsuite>
